{
  "stats": {
    "suites": 1,
    "tests": 1,
    "passes": 1,
    "pending": 0,
    "failures": 0,
    "start": "2026-03-09T13:37:52.311Z",
    "end": "2026-03-09T13:37:58.374Z",
    "duration": 6063,
    "testsRegistered": 1,
    "passPercent": 100,
    "pendingPercent": 0,
    "other": 0,
    "hasOther": false,
    "skipped": 0,
    "hasSkipped": false
  },
  "results": [
    {
      "uuid": "1867ef25-ed82-4376-931b-898c38d9074e",
      "title": "",
      "fullFile": "cypress\\e2e\\Ejercicio 5 – Nivel avanzado.cy.js",
      "file": "cypress\\e2e\\Ejercicio 5 – Nivel avanzado.cy.js",
      "beforeHooks": [],
      "afterHooks": [],
      "tests": [],
      "suites": [
        {
          "uuid": "822741d3-7ef4-4db5-be5e-b44fcbd392a4",
          "title": "Ejercicio 5 - Nivel avanzado",
          "fullFile": "",
          "file": "",
          "beforeHooks": [],
          "afterHooks": [],
          "tests": [
            {
              "title": "inicio sesion",
              "fullTitle": "Ejercicio 5 - Nivel avanzado inicio sesion",
              "timedOut": null,
              "duration": 2580,
              "state": "passed",
              "speed": "fast",
              "pass": true,
              "fail": false,
              "pending": false,
              "context": null,
              "code": "cy.visit('https://example.cypress.io/commands/actions');\ncy.get('#email1').type('admin@test.com');\ncy.get('#password1').type('password123');\ncy.get('.action-form').submit();\ncy.contains('Your form has been submitted!').should('be.visible');\ncy.contains('Querying').click({\n  force: true\n});\ncy.url().should('include', '/commands/querying');\ncy.get('.navbar-brand').click();\ncy.url().should('eq', 'https://example.cypress.io/');\ncy.contains('Kitchen Sink').should('be.visible');",
              "err": {},
              "uuid": "05c1388b-33cd-4e79-a562-c8484984b0b1",
              "parentUUID": "822741d3-7ef4-4db5-be5e-b44fcbd392a4",
              "isHook": false,
              "skipped": false
            }
          ],
          "suites": [],
          "passes": [
            "05c1388b-33cd-4e79-a562-c8484984b0b1"
          ],
          "failures": [],
          "pending": [],
          "skipped": [],
          "duration": 2580,
          "root": false,
          "rootEmpty": false,
          "_timeout": 2000
        }
      ],
      "passes": [],
      "failures": [],
      "pending": [],
      "skipped": [],
      "duration": 0,
      "root": true,
      "rootEmpty": true,
      "_timeout": 2000
    }
  ],
  "meta": {
    "mocha": {
      "version": "7.2.0"
    },
    "mochawesome": {
      "options": {
        "quiet": false,
        "reportFilename": "mochawesome",
        "saveHtml": true,
        "saveJson": true,
        "consoleReporter": "spec",
        "useInlineDiffs": false,
        "code": true
      },
      "version": "7.1.4"
    },
    "marge": {
      "options": {
        "reportDir": "cypress/reports",
        "overwrite": false,
        "html": true,
        "json": true
      },
      "version": "6.3.2"
    }
  }
}