{
  "stats": {
    "suites": 1,
    "tests": 1,
    "passes": 1,
    "pending": 0,
    "failures": 0,
    "start": "2026-03-09T13:37:05.086Z",
    "end": "2026-03-09T13:37:09.733Z",
    "duration": 4647,
    "testsRegistered": 1,
    "passPercent": 100,
    "pendingPercent": 0,
    "other": 0,
    "hasOther": false,
    "skipped": 0,
    "hasSkipped": false
  },
  "results": [
    {
      "uuid": "5455abe7-80d7-4c28-8ea4-e208f69053fa",
      "title": "",
      "fullFile": "cypress\\e2e\\Ejercicio 1 – Nivel básico.cy.js",
      "file": "cypress\\e2e\\Ejercicio 1 – Nivel básico.cy.js",
      "beforeHooks": [],
      "afterHooks": [],
      "tests": [],
      "suites": [
        {
          "uuid": "e4609104-5876-446d-9bd5-cc5154465e70",
          "title": "Ejercicio 1 - Nivel Básico",
          "fullFile": "",
          "file": "",
          "beforeHooks": [],
          "afterHooks": [],
          "tests": [
            {
              "title": "Verificar página principal",
              "fullTitle": "Ejercicio 1 - Nivel Básico Verificar página principal",
              "timedOut": null,
              "duration": 927,
              "state": "passed",
              "speed": "fast",
              "pass": true,
              "fail": false,
              "pending": false,
              "context": null,
              "code": "cy.visit('https://example.cypress.io/');\n// Verificar título principal\ncy.contains('Kitchen Sink').should('be.visible');\n// Verificar que el link Type exista\ncy.contains('type').should('be.visible');",
              "err": {},
              "uuid": "a92094b0-4b08-4ff6-b20d-b5810d9646ce",
              "parentUUID": "e4609104-5876-446d-9bd5-cc5154465e70",
              "isHook": false,
              "skipped": false
            }
          ],
          "suites": [],
          "passes": [
            "a92094b0-4b08-4ff6-b20d-b5810d9646ce"
          ],
          "failures": [],
          "pending": [],
          "skipped": [],
          "duration": 927,
          "root": false,
          "rootEmpty": false,
          "_timeout": 2000
        }
      ],
      "passes": [],
      "failures": [],
      "pending": [],
      "skipped": [],
      "duration": 0,
      "root": true,
      "rootEmpty": true,
      "_timeout": 2000
    }
  ],
  "meta": {
    "mocha": {
      "version": "7.2.0"
    },
    "mochawesome": {
      "options": {
        "quiet": false,
        "reportFilename": "mochawesome",
        "saveHtml": true,
        "saveJson": true,
        "consoleReporter": "spec",
        "useInlineDiffs": false,
        "code": true
      },
      "version": "7.1.4"
    },
    "marge": {
      "options": {
        "reportDir": "cypress/reports",
        "overwrite": false,
        "html": true,
        "json": true
      },
      "version": "6.3.2"
    }
  }
}